<?xml version="1.0" encoding="UTF-8"?>
<!-- Generated by org.testng.reporters.JUnitReportReporter -->
<testsuite skipped="0" hostname="DESKTOP-FEJ2M74" name="TestNG_WithBS" tests="1" failures="0" timestamp="27 Apr 2020 12:32:52 GMT" time="16.257" errors="0">
  <testcase name="TestGoogleLauchWithBS" time="16.257" classname="TestNG_WithBS"/>
</testsuite> <!-- TestNG_WithBS -->
