<?xml version="1.0" encoding="UTF-8"?>
<!-- Generated by org.testng.reporters.JUnitReportReporter -->
<testsuite skipped="1" hostname="DESKTOP-FEJ2M74" name="TestNG_WithBS" tests="2" failures="0" timestamp="29 Apr 2020 10:25:09 GMT" time="208.032" errors="0">
  <testcase name="MobileTest" time="208.032" classname="TestNG_WithBS"/>
  <testcase name="TestGoogleLauchWithBS" classname="TestNG_WithBS">
    <skipped/>
  </testcase> <!-- TestGoogleLauchWithBS -->
</testsuite> <!-- TestNG_WithBS -->
